2025-01-09 20:52:16,805 - app.utils - INFO - Disconnected from MongoDB
2025-01-09 20:52:33,149 - app.utils - INFO - Connected to MongoDB
2025-01-09 20:52:33,907 - app.utils - INFO - Indexes created successfully
2025-01-09 20:52:38,903 - app.utils - INFO - Scraping articles from https://vnexpress.net/tin-tuc-24h
2025-01-09 20:52:39,158 - app.utils - INFO - Found 35 articles to process
2025-01-09 20:52:39,255 - app.utils - INFO - Successfully extracted content from: https://vnexpress.net/thu-tuong-dan-mach-trieu-tap-cuoc-hop-ve-tinh-hinh-greenland-4837507.html
2025-01-09 20:52:39,255 - app.utils - INFO - Successfully extracted article info: Thủ tướng Đan Mạch triệu tập cuộc họp về tình hình Greenland
2025-01-09 20:52:40,402 - app.utils - INFO - Successfully extracted content from: https://vnexpress.net/con-gai-madam-pang-theo-duoi-phong-cach-thanh-lich-4837288.html
2025-01-09 20:52:40,402 - app.utils - INFO - Successfully extracted article info: Con gái Madam Pang theo đuổi phong cách thanh lịch
2025-01-09 20:52:41,542 - app.utils - INFO - Successfully extracted content from: https://vnexpress.net/tinh-nao-it-dan-nhat-mien-nam-4837497.html
2025-01-09 20:52:41,542 - app.utils - INFO - Successfully extracted article info: Tỉnh nào ít dân nhất miền Nam?
2025-01-09 20:52:42,678 - app.utils - INFO - Successfully extracted content from: https://vnexpress.net/cuu-benh-nhan-bi-ong-sat-dam-xuyen-co-4837503.html
2025-01-09 20:52:42,678 - app.utils - INFO - Successfully extracted article info: Cứu bệnh nhân bị ống sắt đâm xuyên cổ
2025-01-09 20:52:43,810 - app.utils - INFO - Successfully extracted content from: https://vnexpress.net/chay-rung-de-doa-khu-nha-giau-bac-nhat-california-4837388.html
2025-01-09 20:52:43,810 - app.utils - INFO - Successfully extracted article info: Cháy rừng đe dọa khu nhà giàu bậc nhất California
2025-01-09 20:52:44,941 - app.utils - INFO - Successfully extracted content from: https://vnexpress.net/ca-map-voi-duc-can-duoi-con-cai-de-tan-tinh-4837276.html
2025-01-09 20:52:44,941 - app.utils - INFO - Successfully extracted article info: Cá mập voi đực cắn đuôi con cái để tán tỉnh
2025-01-09 20:52:46,075 - app.utils - INFO - Successfully extracted content from: https://vnexpress.net/vet-thuong-do-nguoi-can-gay-lay-nhiem-benh-gi-4837492.html
2025-01-09 20:52:46,075 - app.utils - INFO - Successfully extracted article info: Vết thương do người cắn gây lây nhiễm bệnh gì?
2025-01-09 20:52:47,208 - app.utils - INFO - Successfully extracted content from: https://vnexpress.net/meo-giup-ngu-sau-giac-4837418.html
2025-01-09 20:52:47,208 - app.utils - INFO - Successfully extracted article info: Mẹo giúp ngủ sâu giấc
2025-01-09 20:52:48,330 - app.utils - INFO - Successfully extracted content from: https://vnexpress.net/pnjart-ra-mat-tuong-vang-24k-vuong-xa-tran-bao-4837402.html
2025-01-09 20:52:48,330 - app.utils - INFO - Successfully extracted article info: PNJArt ra mắt tượng vàng 24K Vương xà trấn bảo
2025-01-09 20:52:49,464 - app.utils - INFO - Successfully extracted content from: https://vnexpress.net/giao-dich-bat-dong-san-khanh-hoa-tang-gan-40-nam-2024-4837491.html
2025-01-09 20:52:49,464 - app.utils - INFO - Successfully extracted article info: Giao dịch bất động sản Khánh Hòa tăng gần 40% năm 2024
2025-01-09 20:52:50,590 - app.utils - INFO - Successfully extracted content from: https://vnexpress.net/eu-san-sang-thay-my-dan-dau-no-luc-vien-tro-ukraine-4837494.html
2025-01-09 20:52:50,590 - app.utils - INFO - Successfully extracted article info: EU sẵn sàng thay Mỹ dẫn đầu nỗ lực viện trợ Ukraine
2025-01-09 20:52:51,738 - app.utils - INFO - Successfully extracted content from: https://vnexpress.net/ong-lao-mat-1-7-ty-dong-khi-lam-nhiem-vu-tren-san-thuong-mai-dien-tu-4837499.html
2025-01-09 20:52:51,738 - app.utils - INFO - Successfully extracted article info: Mất 1,7 tỷ đồng khi 'làm nhiệm vụ' trên sàn thương mại điện tử
2025-01-09 20:52:52,865 - app.utils - INFO - Successfully extracted content from: https://vnexpress.net/11-thanh-thieu-nien-ru-nhau-di-chat-bien-so-xe-4837421.html
2025-01-09 20:52:52,865 - app.utils - INFO - Successfully extracted article info: 11 thanh thiếu niên rủ nhau đi chặt biển số xe
2025-01-09 20:52:53,984 - app.utils - INFO - Successfully extracted content from: https://vnexpress.net/drone-qua-bong-8-canh-quat-co-the-bay-va-lan-tron-4837406.html
2025-01-09 20:52:53,984 - app.utils - INFO - Successfully extracted article info: Drone quả bóng 8 cánh quạt có thể bay và lăn tròn
2025-01-09 20:52:55,117 - app.utils - INFO - Successfully extracted content from: https://vnexpress.net/nguyen-thu-truong-nong-nghiep-va-phat-trien-nong-thon-bi-khoi-to-4837502.html
2025-01-09 20:52:55,117 - app.utils - INFO - Successfully extracted article info: Nguyên thứ trưởng Nông nghiệp và Phát triển nông thôn bị khởi tố
2025-01-09 20:52:56,265 - app.utils - INFO - Successfully extracted content from: https://vnexpress.net/phim-ve-that-nghiep-tuoi-trung-nien-gay-xuc-dong-4837403.html
2025-01-09 20:52:56,265 - app.utils - INFO - Successfully extracted article info: Phim về thất nghiệp tuổi trung niên gây xúc động
2025-01-09 20:52:57,383 - app.utils - INFO - Successfully extracted content from: https://vnexpress.net/smartphone-10-trieu-dong-cua-xiaomi-oppo-samsung-do-suc-4837292.html
2025-01-09 20:52:57,383 - app.utils - INFO - Successfully extracted article info: Smartphone 10 triệu đồng của Xiaomi, Oppo, Samsung đọ sức
2025-01-09 20:52:58,509 - app.utils - INFO - Successfully extracted content from: https://vnexpress.net/nguoi-canada-nghi-gi-ve-y-tuong-sap-nhap-vao-my-cua-ong-trump-4837194.html
2025-01-09 20:52:58,509 - app.utils - INFO - Successfully extracted article info: Người Canada nghĩ gì về ý tưởng sáp nhập vào Mỹ của ông Trump
2025-01-09 20:52:59,635 - app.utils - INFO - Successfully extracted content from: https://vnexpress.net/ba-ngay-tet-o-nha-vo-nhu-tra-tan-4837148.html
2025-01-09 20:52:59,635 - app.utils - INFO - Successfully extracted article info: Ba ngày Tết ở nhà vợ như tra tấn
2025-01-09 20:53:00,768 - app.utils - INFO - Successfully extracted content from: https://vnexpress.net/cach-nhan-biet-gan-tich-tu-doc-to-4837272.html
2025-01-09 20:53:00,768 - app.utils - INFO - Successfully extracted article info: Cách nhận biết gan tích tụ độc tố
2025-01-09 20:53:01,883 - app.utils - INFO - Successfully extracted content from: https://vnexpress.net/los-angeles-co-the-thiet-hai-hon-50-ty-usd-vi-chay-rung-4837438.html
2025-01-09 20:53:01,883 - app.utils - INFO - Successfully extracted article info: Los Angeles có thể thiệt hại hơn 50 tỷ USD vì cháy rừng
2025-01-09 20:53:03,001 - app.utils - INFO - Successfully extracted content from: https://vnexpress.net/them-mot-truong-su-pham-bo-xet-hoc-ba-4836842.html
2025-01-09 20:53:03,001 - app.utils - INFO - Successfully extracted article info: Thêm một trường sư phạm bỏ xét học bạ
2025-01-09 20:53:04,120 - app.utils - INFO - Successfully extracted content from: https://vnexpress.net/4-500-khach-quoc-te-den-hue-tren-tau-sieu-sang-4837479.html
2025-01-09 20:53:04,120 - app.utils - INFO - Successfully extracted article info: 4.500 khách quốc tế đến Huế trên tàu siêu sang
2025-01-09 20:53:05,258 - app.utils - INFO - Successfully extracted content from: https://vnexpress.net/ngay-mai-dien-ra-tech-awards-2024-4837306.html
2025-01-09 20:53:05,258 - app.utils - INFO - Successfully extracted article info: Ngày mai diễn ra Tech Awards 2024
2025-01-09 20:53:06,387 - app.utils - INFO - Successfully extracted content from: https://vnexpress.net/dot-ngot-bi-diec-sau-con-u-tai-4837235.html
2025-01-09 20:53:06,387 - app.utils - INFO - Successfully extracted article info: Đột ngột bị điếc sau cơn ù tai
2025-01-09 20:53:07,507 - app.utils - INFO - Successfully extracted content from: https://vnexpress.net/mot-nguoi-viet-thiet-mang-trong-vu-lat-pha-o-han-quoc-4837487.html
2025-01-09 20:53:07,507 - app.utils - INFO - Successfully extracted article info: Một người Việt thiệt mạng trong vụ lật phà ở Hàn Quốc
2025-01-09 20:53:08,625 - app.utils - INFO - Successfully extracted content from: https://vnexpress.net/moi-ngay-tp-hcm-phat-hon-6-ty-dong-loi-vi-pham-giao-thong-4837486.html
2025-01-09 20:53:08,625 - app.utils - INFO - Successfully extracted article info: Mỗi ngày, TP HCM phạt hơn 6 tỷ đồng lỗi vi phạm giao thông
2025-01-09 20:53:09,759 - app.utils - INFO - Successfully extracted content from: https://vnexpress.net/tet-som-cua-tre-vung-cao-cung-mot-trieu-bua-com-co-thit-4837467.html
2025-01-09 20:53:09,759 - app.utils - INFO - Successfully extracted article info: Tết sớm của trẻ vùng cao cùng 'Một triệu bữa cơm có thịt'
2025-01-09 20:53:10,891 - app.utils - INFO - Successfully extracted content from: https://vnexpress.net/tiem-phong-be-than-kinh-tri-dau-do-thoat-vi-dia-dem-4837362.html
2025-01-09 20:53:10,891 - app.utils - INFO - Successfully extracted article info: Tiêm phong bế thần kinh trị đau do thoát vị đĩa đệm
2025-01-09 20:53:12,039 - app.utils - INFO - Successfully extracted content from: https://vnexpress.net/an-qua-oc-cho-tot-cho-nguoi-cholesterol-cao-4837197.html
2025-01-09 20:53:12,039 - app.utils - INFO - Successfully extracted article info: Ăn quả óc chó tốt cho người cholesterol cao
2025-01-09 20:53:13,048 - app.utils - INFO - Successfully scraped 30 articles
